Using pre-set license
Built from '2020.3/staging' branch; Version is '2020.3.14f1 (d0d1bb862f9d) revision 13685179'; Using compiler version '192528614'; Build Type 'Release'
OS: 'Windows 10 Home; OS build 19042.1165; Version 2009; 64bit' Language: 'en' Physical Memory: 8075 MB
BatchMode: 1, IsHumanControllingUs: 0, StartBugReporterOnCrash: 0, Is64bit: 1, IsPro: 0

 COMMAND LINE ARGUMENTS:
D:\Unity\Unity Hub\2020.3.14f1\Editor\Unity.exe
-adb2
-batchMode
-noUpm
-name
AssetImportWorker2
-projectPath
D:/LAU/Computer science/Holberton/holbertonschool-unity/0x05-unity-assets_models_textures
-logFile
Logs/AssetImportWorker2.log
-srvPort
58510
Successfully changed project path to: D:/LAU/Computer science/Holberton/holbertonschool-unity/0x05-unity-assets_models_textures
D:/LAU/Computer science/Holberton/holbertonschool-unity/0x05-unity-assets_models_textures
Using Asset Import Pipeline V2.
Refreshing native plugins compatible for Editor in 88.91 ms, found 2 plugins.
Preloading 0 native plugins for Editor in 0.00 ms.
Initialize engine version: 2020.3.14f1 (d0d1bb862f9d)
[Subsystems] Discovering subsystems at path D:/Unity/Unity Hub/2020.3.14f1/Editor/Data/Resources/UnitySubsystems
[Subsystems] Discovering subsystems at path D:/LAU/Computer science/Holberton/holbertonschool-unity/0x05-unity-assets_models_textures/Assets
GfxDevice: creating device client; threaded=0
Direct3D:
    Version:  Direct3D 11.0 [level 11.1]
    Renderer: NVIDIA GeForce MX150 (ID=0x1d10)
    Vendor:   
    VRAM:     1983 MB
    Driver:   27.21.14.6611
Initialize mono
Mono path[0] = 'D:/Unity/Unity Hub/2020.3.14f1/Editor/Data/Managed'
Mono path[1] = 'D:/Unity/Unity Hub/2020.3.14f1/Editor/Data/MonoBleedingEdge/lib/mono/unityjit'
Mono config path = 'D:/Unity/Unity Hub/2020.3.14f1/Editor/Data/MonoBleedingEdge/etc'
Using monoOptions --debugger-agent=transport=dt_socket,embedding=1,server=y,suspend=n,address=127.0.0.1:56228
Begin MonoManager ReloadAssembly
Registering precompiled unity dll's ...
Register platform support module: D:/Unity/Unity Hub/2020.3.14f1/Editor/Data/PlaybackEngines/WebGLSupport/UnityEditor.WebGL.Extensions.dll
Register platform support module: D:/Unity/Unity Hub/2020.3.14f1/Editor/Data/PlaybackEngines/MacStandaloneSupport/UnityEditor.OSXStandalone.Extensions.dll
Register platform support module: D:/Unity/Unity Hub/2020.3.14f1/Editor/Data/PlaybackEngines/WindowsStandaloneSupport/UnityEditor.WindowsStandalone.Extensions.dll
Register platform support module: D:/Unity/Unity Hub/2020.3.14f1/Editor/Data/PlaybackEngines/LinuxStandaloneSupport/UnityEditor.LinuxStandalone.Extensions.dll
Registered in 0.007031 seconds.
Native extension for LinuxStandalone target not found
Native extension for WindowsStandalone target not found
Native extension for OSXStandalone target not found
Native extension for WebGL target not found
Refreshing native plugins compatible for Editor in 58.23 ms, found 2 plugins.
Preloading 0 native plugins for Editor in 0.00 ms.
Mono: successfully reloaded assembly
- Completed reload, in  1.574 seconds
Domain Reload Profiling:
	ReloadAssembly (1575ms)
		BeginReloadAssembly (81ms)
			ExecutionOrderSort (0ms)
			DisableScriptedObjects (0ms)
			BackupInstance (0ms)
			ReleaseScriptingObjects (0ms)
			CreateAndSetChildDomain (1ms)
		EndReloadAssembly (493ms)
			LoadAssemblies (77ms)
			RebuildTransferFunctionScriptingTraits (0ms)
			SetupTypeCache (170ms)
			ReleaseScriptCaches (0ms)
			RebuildScriptCaches (37ms)
			SetupLoadedEditorAssemblies (200ms)
				LogAssemblyErrors (0ms)
				InitializePlatformSupportModulesInManaged (8ms)
				SetLoadedEditorAssemblies (0ms)
				RefreshPlugins (58ms)
				BeforeProcessingInitializeOnLoad (8ms)
				ProcessInitializeOnLoadAttributes (93ms)
				ProcessInitializeOnLoadMethodAttributes (32ms)
				AfterProcessingInitializeOnLoad (0ms)
				EditorAssembliesLoaded (0ms)
			ExecutionOrderSort2 (0ms)
			AwakeInstancesAfterBackupRestoration (0ms)
Platform modules already initialized, skipping
Registering precompiled user dll's ...
Registered in 0.010279 seconds.
Begin MonoManager ReloadAssembly
Native extension for LinuxStandalone target not found
Native extension for WindowsStandalone target not found
Native extension for OSXStandalone target not found
Native extension for WebGL target not found
Refreshing native plugins compatible for Editor in 0.64 ms, found 2 plugins.
Preloading 0 native plugins for Editor in 0.00 ms.
Mono: successfully reloaded assembly
- Completed reload, in  1.361 seconds
Domain Reload Profiling:
	ReloadAssembly (1362ms)
		BeginReloadAssembly (176ms)
			ExecutionOrderSort (0ms)
			DisableScriptedObjects (5ms)
			BackupInstance (0ms)
			ReleaseScriptingObjects (0ms)
			CreateAndSetChildDomain (19ms)
		EndReloadAssembly (1104ms)
			LoadAssemblies (131ms)
			RebuildTransferFunctionScriptingTraits (0ms)
			SetupTypeCache (303ms)
			ReleaseScriptCaches (0ms)
			RebuildScriptCaches (61ms)
			SetupLoadedEditorAssemblies (495ms)
				LogAssemblyErrors (0ms)
				InitializePlatformSupportModulesInManaged (9ms)
				SetLoadedEditorAssemblies (0ms)
				RefreshPlugins (1ms)
				BeforeProcessingInitializeOnLoad (98ms)
				ProcessInitializeOnLoadAttributes (320ms)
				ProcessInitializeOnLoadMethodAttributes (45ms)
				AfterProcessingInitializeOnLoad (20ms)
				EditorAssembliesLoaded (0ms)
			ExecutionOrderSort2 (0ms)
			AwakeInstancesAfterBackupRestoration (11ms)
Platform modules already initialized, skipping
========================================================================
Worker process is ready to serve import requests
Launched and connected shader compiler UnityShaderCompiler.exe after 0.22 seconds
Refreshing native plugins compatible for Editor in 0.66 ms, found 2 plugins.
Preloading 0 native plugins for Editor in 0.00 ms.
Unloading 1949 Unused Serialized files (Serialized files now loaded: 0)
System memory in use before: 81.1 MB.
System memory in use after: 81.2 MB.

Unloading 58 unused Assets to reduce memory usage. Loaded Objects now: 2355.
Total: 6.384300 ms (FindLiveObjects: 0.199600 ms CreateObjectMapping: 0.067000 ms MarkObjects: 6.031200 ms  DeleteObjects: 0.085200 ms)

AssetImportParameters requested are different than current active one (requested -> active):
  custom:framework-win-MediaFoundation: 216162199b28c13a410421893ffa2e32 -> 
  custom:video-decoder-ogg-theora: a1e56fd34408186e4bbccfd4996cb3dc -> 
  custom:container-muxer-webm: aa71ff27fc2769a1b78a27578f13a17b -> 
  custom:container-demuxer-webm: 4f35f7cbe854078d1ac9338744f61a02 -> 
  custom:container-demuxer-ogg: 62fdf1f143b41e24485cea50d1cbac27 -> 
  custom:video-encoder-webm-vp8: eb34c28f22e8b96e1ab97ce403110664 -> 
  custom:video-codec-MediaFoundation-h265: 746d11721c4dcdbdad8f713fa42b33f4 -> 
  custom:video-decoder-webm-vp8: 9c59270c3fd7afecdb556c50c9e8de78 -> 
  custom:audio-decoder-ogg-vorbis: bf7c407c2cedff20999df2af8eb42d56 -> 
  custom:audio-encoder-webm-vorbis: bf7c407c2cedff20999df2af8eb42d56 -> 
========================================================================
Received Import Request.
  path: Assets/Scripts/WinTrigger.cs
  artifactKey: Guid(2c724f6ba6490cb4eb4da03dba229347) Importer(815301076,1909f56bfc062723c751e8b465ee728b)
Start importing Assets/Scripts/WinTrigger.cs using Guid(2c724f6ba6490cb4eb4da03dba229347) Importer(815301076,1909f56bfc062723c751e8b465ee728b)  -> (artifact id: '52b6fc7df3730ca8118911b2839fcf84') in 0.089533 seconds 
  Import took 0.093128 seconds .

========================================================================
Received Prepare
Registering precompiled user dll's ...
Registered in 0.009895 seconds.
Begin MonoManager ReloadAssembly
Native extension for LinuxStandalone target not found
Native extension for WindowsStandalone target not found
Native extension for OSXStandalone target not found
Native extension for WebGL target not found
Refreshing native plugins compatible for Editor in 0.69 ms, found 2 plugins.
Preloading 0 native plugins for Editor in 0.00 ms.
Mono: successfully reloaded assembly
- Completed reload, in  1.332 seconds
Domain Reload Profiling:
	ReloadAssembly (1333ms)
		BeginReloadAssembly (224ms)
			ExecutionOrderSort (0ms)
			DisableScriptedObjects (7ms)
			BackupInstance (0ms)
			ReleaseScriptingObjects (0ms)
			CreateAndSetChildDomain (53ms)
		EndReloadAssembly (1007ms)
			LoadAssemblies (185ms)
			RebuildTransferFunctionScriptingTraits (0ms)
			SetupTypeCache (304ms)
			ReleaseScriptCaches (1ms)
			RebuildScriptCaches (41ms)
			SetupLoadedEditorAssemblies (406ms)
				LogAssemblyErrors (0ms)
				InitializePlatformSupportModulesInManaged (11ms)
				SetLoadedEditorAssemblies (1ms)
				RefreshPlugins (1ms)
				BeforeProcessingInitializeOnLoad (87ms)
				ProcessInitializeOnLoadAttributes (255ms)
				ProcessInitializeOnLoadMethodAttributes (37ms)
				AfterProcessingInitializeOnLoad (15ms)
				EditorAssembliesLoaded (0ms)
			ExecutionOrderSort2 (0ms)
			AwakeInstancesAfterBackupRestoration (7ms)
Platform modules already initialized, skipping
Refreshing native plugins compatible for Editor in 0.76 ms, found 2 plugins.
Preloading 0 native plugins for Editor in 0.00 ms.
Unloading 1943 Unused Serialized files (Serialized files now loaded: 0)
System memory in use before: 80.9 MB.
System memory in use after: 81.0 MB.

Unloading 49 unused Assets to reduce memory usage. Loaded Objects now: 2358.
Total: 6.494600 ms (FindLiveObjects: 0.214300 ms CreateObjectMapping: 0.065200 ms MarkObjects: 6.178600 ms  DeleteObjects: 0.034600 ms)

AssetImportParameters requested are different than current active one (requested -> active):
  custom:framework-win-MediaFoundation: 216162199b28c13a410421893ffa2e32 -> 
  custom:video-decoder-ogg-theora: a1e56fd34408186e4bbccfd4996cb3dc -> 
  custom:container-muxer-webm: aa71ff27fc2769a1b78a27578f13a17b -> 
  custom:container-demuxer-webm: 4f35f7cbe854078d1ac9338744f61a02 -> 
  custom:container-demuxer-ogg: 62fdf1f143b41e24485cea50d1cbac27 -> 
  custom:video-encoder-webm-vp8: eb34c28f22e8b96e1ab97ce403110664 -> 
  custom:video-codec-MediaFoundation-h265: 746d11721c4dcdbdad8f713fa42b33f4 -> 
  custom:video-decoder-webm-vp8: 9c59270c3fd7afecdb556c50c9e8de78 -> 
  custom:audio-decoder-ogg-vorbis: bf7c407c2cedff20999df2af8eb42d56 -> 
  custom:audio-encoder-webm-vorbis: bf7c407c2cedff20999df2af8eb42d56 -> 
========================================================================
Received Prepare
Registering precompiled user dll's ...
Registered in 0.009647 seconds.
Begin MonoManager ReloadAssembly
Native extension for LinuxStandalone target not found
Native extension for WindowsStandalone target not found
Native extension for OSXStandalone target not found
Native extension for WebGL target not found
Refreshing native plugins compatible for Editor in 1.15 ms, found 2 plugins.
Preloading 0 native plugins for Editor in 0.00 ms.
Mono: successfully reloaded assembly
- Completed reload, in  2.361 seconds
Domain Reload Profiling:
	ReloadAssembly (2362ms)
		BeginReloadAssembly (212ms)
			ExecutionOrderSort (0ms)
			DisableScriptedObjects (8ms)
			BackupInstance (0ms)
			ReleaseScriptingObjects (0ms)
			CreateAndSetChildDomain (41ms)
		EndReloadAssembly (2018ms)
			LoadAssemblies (259ms)
			RebuildTransferFunctionScriptingTraits (0ms)
			SetupTypeCache (707ms)
			ReleaseScriptCaches (2ms)
			RebuildScriptCaches (75ms)
			SetupLoadedEditorAssemblies (775ms)
				LogAssemblyErrors (0ms)
				InitializePlatformSupportModulesInManaged (23ms)
				SetLoadedEditorAssemblies (1ms)
				RefreshPlugins (1ms)
				BeforeProcessingInitializeOnLoad (166ms)
				ProcessInitializeOnLoadAttributes (486ms)
				ProcessInitializeOnLoadMethodAttributes (72ms)
				AfterProcessingInitializeOnLoad (25ms)
				EditorAssembliesLoaded (0ms)
			ExecutionOrderSort2 (0ms)
			AwakeInstancesAfterBackupRestoration (14ms)
Platform modules already initialized, skipping
Refreshing native plugins compatible for Editor in 1.64 ms, found 2 plugins.
Preloading 0 native plugins for Editor in 0.00 ms.
Unloading 1943 Unused Serialized files (Serialized files now loaded: 0)
System memory in use before: 81.0 MB.
System memory in use after: 81.1 MB.

Unloading 49 unused Assets to reduce memory usage. Loaded Objects now: 2361.
Total: 9.674100 ms (FindLiveObjects: 0.591600 ms CreateObjectMapping: 0.459000 ms MarkObjects: 8.572400 ms  DeleteObjects: 0.049200 ms)

AssetImportParameters requested are different than current active one (requested -> active):
  custom:framework-win-MediaFoundation: 216162199b28c13a410421893ffa2e32 -> 
  custom:video-decoder-ogg-theora: a1e56fd34408186e4bbccfd4996cb3dc -> 
  custom:container-muxer-webm: aa71ff27fc2769a1b78a27578f13a17b -> 
  custom:container-demuxer-webm: 4f35f7cbe854078d1ac9338744f61a02 -> 
  custom:container-demuxer-ogg: 62fdf1f143b41e24485cea50d1cbac27 -> 
  custom:video-encoder-webm-vp8: eb34c28f22e8b96e1ab97ce403110664 -> 
  custom:video-codec-MediaFoundation-h265: 746d11721c4dcdbdad8f713fa42b33f4 -> 
  custom:video-decoder-webm-vp8: 9c59270c3fd7afecdb556c50c9e8de78 -> 
  custom:audio-decoder-ogg-vorbis: bf7c407c2cedff20999df2af8eb42d56 -> 
  custom:audio-encoder-webm-vorbis: bf7c407c2cedff20999df2af8eb42d56 -> 
========================================================================
Received Import Request.
  Time since last request: 1491.665199 seconds.
  path: Assets/Scripts/WinTrigger.cs
  artifactKey: Guid(2c724f6ba6490cb4eb4da03dba229347) Importer(815301076,1909f56bfc062723c751e8b465ee728b)
Start importing Assets/Scripts/WinTrigger.cs using Guid(2c724f6ba6490cb4eb4da03dba229347) Importer(815301076,1909f56bfc062723c751e8b465ee728b)  -> (artifact id: '00000000000000000000000000000000') in 0.001441 seconds  code(4) message(Build asset version error: assets/scripts/wintrigger.cs in SourceAssetDB has modification time of '2021-09-08T08:49:56.4991144Z' while content on disk has modification time of '2021-09-08T08:50:37.0994841Z')
  ERROR: Build asset version error: assets/scripts/wintrigger.cs in SourceAssetDB has modification time of '2021-09-08T08:49:56.4991144Z' while content on disk has modification time of '2021-09-08T08:50:37.0994841Z'
  Import took 0.004889 seconds .

========================================================================
Received Import Request.
  Time since last request: 0.000867 seconds.
  path: Assets/Scripts/WinTrigger.cs
  artifactKey: Guid(2c724f6ba6490cb4eb4da03dba229347) Importer(815301076,1909f56bfc062723c751e8b465ee728b)
Start importing Assets/Scripts/WinTrigger.cs using Guid(2c724f6ba6490cb4eb4da03dba229347) Importer(815301076,1909f56bfc062723c751e8b465ee728b)  -> (artifact id: '00000000000000000000000000000000') in 0.000467 seconds  code(4) message(Build asset version error: assets/scripts/wintrigger.cs in SourceAssetDB has modification time of '2021-09-08T08:49:56.4991144Z' while content on disk has modification time of '2021-09-08T08:50:37.0994841Z')
  ERROR: Build asset version error: assets/scripts/wintrigger.cs in SourceAssetDB has modification time of '2021-09-08T08:49:56.4991144Z' while content on disk has modification time of '2021-09-08T08:50:37.0994841Z'
  Import took 0.003891 seconds .

========================================================================
Received Import Request.
  Time since last request: 0.019183 seconds.
  path: Assets/Scripts/WinTrigger.cs
  artifactKey: Guid(2c724f6ba6490cb4eb4da03dba229347) Importer(815301076,1909f56bfc062723c751e8b465ee728b)
Start importing Assets/Scripts/WinTrigger.cs using Guid(2c724f6ba6490cb4eb4da03dba229347) Importer(815301076,1909f56bfc062723c751e8b465ee728b)  -> (artifact id: '00000000000000000000000000000000') in 0.000459 seconds  code(4) message(Build asset version error: assets/scripts/wintrigger.cs in SourceAssetDB has modification time of '2021-09-08T08:49:56.4991144Z' while content on disk has modification time of '2021-09-08T08:50:37.0994841Z')
  ERROR: Build asset version error: assets/scripts/wintrigger.cs in SourceAssetDB has modification time of '2021-09-08T08:49:56.4991144Z' while content on disk has modification time of '2021-09-08T08:50:37.0994841Z'
  Import took 0.004675 seconds .

========================================================================
Received Import Request.
  Time since last request: 0.018753 seconds.
  path: Assets/Scripts/WinTrigger.cs
  artifactKey: Guid(2c724f6ba6490cb4eb4da03dba229347) Importer(815301076,1909f56bfc062723c751e8b465ee728b)
Start importing Assets/Scripts/WinTrigger.cs using Guid(2c724f6ba6490cb4eb4da03dba229347) Importer(815301076,1909f56bfc062723c751e8b465ee728b)  -> (artifact id: '00000000000000000000000000000000') in 0.000413 seconds  code(4) message(Build asset version error: assets/scripts/wintrigger.cs in SourceAssetDB has modification time of '2021-09-08T08:49:56.4991144Z' while content on disk has modification time of '2021-09-08T08:50:37.0994841Z')
  ERROR: Build asset version error: assets/scripts/wintrigger.cs in SourceAssetDB has modification time of '2021-09-08T08:49:56.4991144Z' while content on disk has modification time of '2021-09-08T08:50:37.0994841Z'
  Import took 0.003435 seconds .

========================================================================
Received Import Request.
  Time since last request: 0.018310 seconds.
  path: Assets/Scripts/WinTrigger.cs
  artifactKey: Guid(2c724f6ba6490cb4eb4da03dba229347) Importer(815301076,1909f56bfc062723c751e8b465ee728b)
Start importing Assets/Scripts/WinTrigger.cs using Guid(2c724f6ba6490cb4eb4da03dba229347) Importer(815301076,1909f56bfc062723c751e8b465ee728b)  -> (artifact id: '00000000000000000000000000000000') in 0.000439 seconds  code(4) message(Build asset version error: assets/scripts/wintrigger.cs in SourceAssetDB has modification time of '2021-09-08T08:49:56.4991144Z' while content on disk has modification time of '2021-09-08T08:50:37.0994841Z')
  ERROR: Build asset version error: assets/scripts/wintrigger.cs in SourceAssetDB has modification time of '2021-09-08T08:49:56.4991144Z' while content on disk has modification time of '2021-09-08T08:50:37.0994841Z'
  Import took 0.003466 seconds .

========================================================================
Received Import Request.
  Time since last request: 0.023758 seconds.
  path: Assets/Scripts/WinTrigger.cs
  artifactKey: Guid(2c724f6ba6490cb4eb4da03dba229347) Importer(815301076,1909f56bfc062723c751e8b465ee728b)
Start importing Assets/Scripts/WinTrigger.cs using Guid(2c724f6ba6490cb4eb4da03dba229347) Importer(815301076,1909f56bfc062723c751e8b465ee728b)  -> (artifact id: '00000000000000000000000000000000') in 0.000383 seconds  code(4) message(Build asset version error: assets/scripts/wintrigger.cs in SourceAssetDB has modification time of '2021-09-08T08:49:56.4991144Z' while content on disk has modification time of '2021-09-08T08:50:37.0994841Z')
  ERROR: Build asset version error: assets/scripts/wintrigger.cs in SourceAssetDB has modification time of '2021-09-08T08:49:56.4991144Z' while content on disk has modification time of '2021-09-08T08:50:37.0994841Z'
  Import took 0.003344 seconds .

========================================================================
Received Import Request.
  Time since last request: 1.017076 seconds.
  path: Assets/Scripts/WinTrigger.cs
  artifactKey: Guid(2c724f6ba6490cb4eb4da03dba229347) Importer(815301076,1909f56bfc062723c751e8b465ee728b)
Start importing Assets/Scripts/WinTrigger.cs using Guid(2c724f6ba6490cb4eb4da03dba229347) Importer(815301076,1909f56bfc062723c751e8b465ee728b)  -> (artifact id: '00000000000000000000000000000000') in 0.000383 seconds  code(4) message(Build asset version error: assets/scripts/wintrigger.cs in SourceAssetDB has modification time of '2021-09-08T08:49:56.4991144Z' while content on disk has modification time of '2021-09-08T08:50:37.0994841Z')
  ERROR: Build asset version error: assets/scripts/wintrigger.cs in SourceAssetDB has modification time of '2021-09-08T08:49:56.4991144Z' while content on disk has modification time of '2021-09-08T08:50:37.0994841Z'
  Import took 0.003406 seconds .

========================================================================
Received Prepare
Registering precompiled user dll's ...
Registered in 0.013090 seconds.
Begin MonoManager ReloadAssembly
Native extension for LinuxStandalone target not found
Native extension for WindowsStandalone target not found
Native extension for OSXStandalone target not found
Native extension for WebGL target not found
Refreshing native plugins compatible for Editor in 0.66 ms, found 2 plugins.
Preloading 0 native plugins for Editor in 0.00 ms.
Mono: successfully reloaded assembly
- Completed reload, in  1.435 seconds
Domain Reload Profiling:
	ReloadAssembly (1435ms)
		BeginReloadAssembly (269ms)
			ExecutionOrderSort (0ms)
			DisableScriptedObjects (6ms)
			BackupInstance (0ms)
			ReleaseScriptingObjects (0ms)
			CreateAndSetChildDomain (86ms)
		EndReloadAssembly (1048ms)
			LoadAssemblies (209ms)
			RebuildTransferFunctionScriptingTraits (0ms)
			SetupTypeCache (328ms)
			ReleaseScriptCaches (1ms)
			RebuildScriptCaches (41ms)
			SetupLoadedEditorAssemblies (409ms)
				LogAssemblyErrors (0ms)
				InitializePlatformSupportModulesInManaged (9ms)
				SetLoadedEditorAssemblies (0ms)
				RefreshPlugins (1ms)
				BeforeProcessingInitializeOnLoad (88ms)
				ProcessInitializeOnLoadAttributes (259ms)
				ProcessInitializeOnLoadMethodAttributes (37ms)
				AfterProcessingInitializeOnLoad (15ms)
				EditorAssembliesLoaded (0ms)
			ExecutionOrderSort2 (0ms)
			AwakeInstancesAfterBackupRestoration (8ms)
Platform modules already initialized, skipping
Refreshing native plugins compatible for Editor in 0.73 ms, found 2 plugins.
Preloading 0 native plugins for Editor in 0.00 ms.
Unloading 1943 Unused Serialized files (Serialized files now loaded: 0)
System memory in use before: 81.0 MB.
System memory in use after: 81.1 MB.

Unloading 49 unused Assets to reduce memory usage. Loaded Objects now: 2364.
Total: 7.747300 ms (FindLiveObjects: 0.200200 ms CreateObjectMapping: 0.067400 ms MarkObjects: 7.447800 ms  DeleteObjects: 0.030800 ms)

AssetImportParameters requested are different than current active one (requested -> active):
  custom:framework-win-MediaFoundation: 216162199b28c13a410421893ffa2e32 -> 
  custom:video-decoder-ogg-theora: a1e56fd34408186e4bbccfd4996cb3dc -> 
  custom:container-muxer-webm: aa71ff27fc2769a1b78a27578f13a17b -> 
  custom:container-demuxer-webm: 4f35f7cbe854078d1ac9338744f61a02 -> 
  custom:container-demuxer-ogg: 62fdf1f143b41e24485cea50d1cbac27 -> 
  custom:video-encoder-webm-vp8: eb34c28f22e8b96e1ab97ce403110664 -> 
  custom:video-codec-MediaFoundation-h265: 746d11721c4dcdbdad8f713fa42b33f4 -> 
  custom:video-decoder-webm-vp8: 9c59270c3fd7afecdb556c50c9e8de78 -> 
  custom:audio-decoder-ogg-vorbis: bf7c407c2cedff20999df2af8eb42d56 -> 
  custom:audio-encoder-webm-vorbis: bf7c407c2cedff20999df2af8eb42d56 -> 
========================================================================
Received Import Request.
  Time since last request: 22.608212 seconds.
  path: Assets/Scripts/WinTrigger.cs
  artifactKey: Guid(2c724f6ba6490cb4eb4da03dba229347) Importer(815301076,1909f56bfc062723c751e8b465ee728b)
Start importing Assets/Scripts/WinTrigger.cs using Guid(2c724f6ba6490cb4eb4da03dba229347) Importer(815301076,1909f56bfc062723c751e8b465ee728b)  -> (artifact id: '2c3d7ac9120f398950ca5646e7a91310') in 0.022183 seconds 
  Import took 0.061924 seconds .

========================================================================
Received Prepare
Registering precompiled user dll's ...
Registered in 0.012585 seconds.
Begin MonoManager ReloadAssembly
Native extension for LinuxStandalone target not found
Native extension for WindowsStandalone target not found
Native extension for OSXStandalone target not found
Native extension for WebGL target not found
Refreshing native plugins compatible for Editor in 0.68 ms, found 2 plugins.
Preloading 0 native plugins for Editor in 0.00 ms.
Mono: successfully reloaded assembly
- Completed reload, in  1.264 seconds
Domain Reload Profiling:
	ReloadAssembly (1264ms)
		BeginReloadAssembly (162ms)
			ExecutionOrderSort (0ms)
			DisableScriptedObjects (6ms)
			BackupInstance (0ms)
			ReleaseScriptingObjects (0ms)
			CreateAndSetChildDomain (43ms)
		EndReloadAssembly (1014ms)
			LoadAssemblies (138ms)
			RebuildTransferFunctionScriptingTraits (0ms)
			SetupTypeCache (324ms)
			ReleaseScriptCaches (1ms)
			RebuildScriptCaches (42ms)
			SetupLoadedEditorAssemblies (404ms)
				LogAssemblyErrors (0ms)
				InitializePlatformSupportModulesInManaged (9ms)
				SetLoadedEditorAssemblies (0ms)
				RefreshPlugins (1ms)
				BeforeProcessingInitializeOnLoad (87ms)
				ProcessInitializeOnLoadAttributes (247ms)
				ProcessInitializeOnLoadMethodAttributes (44ms)
				AfterProcessingInitializeOnLoad (15ms)
				EditorAssembliesLoaded (0ms)
			ExecutionOrderSort2 (0ms)
			AwakeInstancesAfterBackupRestoration (7ms)
Platform modules already initialized, skipping
Refreshing native plugins compatible for Editor in 0.67 ms, found 2 plugins.
Preloading 0 native plugins for Editor in 0.00 ms.
Unloading 1942 Unused Serialized files (Serialized files now loaded: 0)
System memory in use before: 81.0 MB.
System memory in use after: 81.1 MB.

Unloading 50 unused Assets to reduce memory usage. Loaded Objects now: 2366.
Total: 6.420800 ms (FindLiveObjects: 0.192600 ms CreateObjectMapping: 0.064500 ms MarkObjects: 6.130300 ms  DeleteObjects: 0.032400 ms)

AssetImportParameters requested are different than current active one (requested -> active):
  custom:framework-win-MediaFoundation: 216162199b28c13a410421893ffa2e32 -> 
  custom:video-decoder-ogg-theora: a1e56fd34408186e4bbccfd4996cb3dc -> 
  custom:container-muxer-webm: aa71ff27fc2769a1b78a27578f13a17b -> 
  custom:container-demuxer-webm: 4f35f7cbe854078d1ac9338744f61a02 -> 
  custom:container-demuxer-ogg: 62fdf1f143b41e24485cea50d1cbac27 -> 
  custom:video-encoder-webm-vp8: eb34c28f22e8b96e1ab97ce403110664 -> 
  custom:video-codec-MediaFoundation-h265: 746d11721c4dcdbdad8f713fa42b33f4 -> 
  custom:video-decoder-webm-vp8: 9c59270c3fd7afecdb556c50c9e8de78 -> 
  custom:audio-decoder-ogg-vorbis: bf7c407c2cedff20999df2af8eb42d56 -> 
  custom:audio-encoder-webm-vorbis: bf7c407c2cedff20999df2af8eb42d56 -> 
========================================================================
Received Import Request.
  Time since last request: 12.941756 seconds.
  path: Assets/Scripts/WinTrigger.cs
  artifactKey: Guid(2c724f6ba6490cb4eb4da03dba229347) Importer(815301076,1909f56bfc062723c751e8b465ee728b)
Start importing Assets/Scripts/WinTrigger.cs using Guid(2c724f6ba6490cb4eb4da03dba229347) Importer(815301076,1909f56bfc062723c751e8b465ee728b)  -> (artifact id: '4c9703b829c75f9c3d5a9fa0a1d67b6a') in 0.010011 seconds 
  Import took 0.052059 seconds .

========================================================================
Received Prepare
Registering precompiled user dll's ...
Registered in 0.014609 seconds.
Begin MonoManager ReloadAssembly
Native extension for LinuxStandalone target not found
Native extension for WindowsStandalone target not found
Native extension for OSXStandalone target not found
Native extension for WebGL target not found
Refreshing native plugins compatible for Editor in 1.19 ms, found 2 plugins.
Preloading 0 native plugins for Editor in 0.00 ms.
Mono: successfully reloaded assembly
- Completed reload, in  2.062 seconds
Domain Reload Profiling:
	ReloadAssembly (2063ms)
		BeginReloadAssembly (241ms)
			ExecutionOrderSort (0ms)
			DisableScriptedObjects (12ms)
			BackupInstance (0ms)
			ReleaseScriptingObjects (0ms)
			CreateAndSetChildDomain (67ms)
		EndReloadAssembly (1681ms)
			LoadAssemblies (233ms)
			RebuildTransferFunctionScriptingTraits (0ms)
			SetupTypeCache (521ms)
			ReleaseScriptCaches (2ms)
			RebuildScriptCaches (70ms)
			SetupLoadedEditorAssemblies (704ms)
				LogAssemblyErrors (0ms)
				InitializePlatformSupportModulesInManaged (18ms)
				SetLoadedEditorAssemblies (1ms)
				RefreshPlugins (1ms)
				BeforeProcessingInitializeOnLoad (140ms)
				ProcessInitializeOnLoadAttributes (458ms)
				ProcessInitializeOnLoadMethodAttributes (66ms)
				AfterProcessingInitializeOnLoad (19ms)
				EditorAssembliesLoaded (0ms)
			ExecutionOrderSort2 (0ms)
			AwakeInstancesAfterBackupRestoration (12ms)
Platform modules already initialized, skipping
Refreshing native plugins compatible for Editor in 1.89 ms, found 2 plugins.
Preloading 0 native plugins for Editor in 0.00 ms.
Unloading 1943 Unused Serialized files (Serialized files now loaded: 0)
System memory in use before: 81.0 MB.
System memory in use after: 81.1 MB.

Unloading 49 unused Assets to reduce memory usage. Loaded Objects now: 2370.
Total: 11.447300 ms (FindLiveObjects: 0.257400 ms CreateObjectMapping: 0.117400 ms MarkObjects: 10.987900 ms  DeleteObjects: 0.081400 ms)

AssetImportParameters requested are different than current active one (requested -> active):
  custom:framework-win-MediaFoundation: 216162199b28c13a410421893ffa2e32 -> 
  custom:video-decoder-ogg-theora: a1e56fd34408186e4bbccfd4996cb3dc -> 
  custom:container-muxer-webm: aa71ff27fc2769a1b78a27578f13a17b -> 
  custom:container-demuxer-webm: 4f35f7cbe854078d1ac9338744f61a02 -> 
  custom:container-demuxer-ogg: 62fdf1f143b41e24485cea50d1cbac27 -> 
  custom:video-encoder-webm-vp8: eb34c28f22e8b96e1ab97ce403110664 -> 
  custom:video-codec-MediaFoundation-h265: 746d11721c4dcdbdad8f713fa42b33f4 -> 
  custom:video-decoder-webm-vp8: 9c59270c3fd7afecdb556c50c9e8de78 -> 
  custom:audio-decoder-ogg-vorbis: bf7c407c2cedff20999df2af8eb42d56 -> 
  custom:audio-encoder-webm-vorbis: bf7c407c2cedff20999df2af8eb42d56 -> 
========================================================================
Received Import Request.
  Time since last request: 17.989302 seconds.
  path: Assets/Scripts/WinTrigger.cs
  artifactKey: Guid(2c724f6ba6490cb4eb4da03dba229347) Importer(815301076,1909f56bfc062723c751e8b465ee728b)
Start importing Assets/Scripts/WinTrigger.cs using Guid(2c724f6ba6490cb4eb4da03dba229347) Importer(815301076,1909f56bfc062723c751e8b465ee728b)  -> (artifact id: '6fc8823202c7c4fa34608de4a0d21651') in 0.014148 seconds 
  Import took 0.058833 seconds .

========================================================================
Received Prepare
Registering precompiled user dll's ...
Registered in 0.010935 seconds.
Begin MonoManager ReloadAssembly
Native extension for LinuxStandalone target not found
Native extension for WindowsStandalone target not found
Native extension for OSXStandalone target not found
Native extension for WebGL target not found
Refreshing native plugins compatible for Editor in 1.59 ms, found 2 plugins.
Preloading 0 native plugins for Editor in 0.00 ms.
Mono: successfully reloaded assembly
- Completed reload, in  2.738 seconds
Domain Reload Profiling:
	ReloadAssembly (2739ms)
		BeginReloadAssembly (243ms)
			ExecutionOrderSort (0ms)
			DisableScriptedObjects (9ms)
			BackupInstance (0ms)
			ReleaseScriptingObjects (0ms)
			CreateAndSetChildDomain (68ms)
		EndReloadAssembly (2351ms)
			LoadAssemblies (246ms)
			RebuildTransferFunctionScriptingTraits (0ms)
			SetupTypeCache (743ms)
			ReleaseScriptCaches (4ms)
			RebuildScriptCaches (105ms)
			SetupLoadedEditorAssemblies (950ms)
				LogAssemblyErrors (0ms)
				InitializePlatformSupportModulesInManaged (22ms)
				SetLoadedEditorAssemblies (2ms)
				RefreshPlugins (2ms)
				BeforeProcessingInitializeOnLoad (191ms)
				ProcessInitializeOnLoadAttributes (580ms)
				ProcessInitializeOnLoadMethodAttributes (118ms)
				AfterProcessingInitializeOnLoad (34ms)
				EditorAssembliesLoaded (1ms)
			ExecutionOrderSort2 (0ms)
			AwakeInstancesAfterBackupRestoration (26ms)
Platform modules already initialized, skipping
Refreshing native plugins compatible for Editor in 1.06 ms, found 2 plugins.
Preloading 0 native plugins for Editor in 0.00 ms.
Unloading 1943 Unused Serialized files (Serialized files now loaded: 0)
System memory in use before: 81.0 MB.
System memory in use after: 81.1 MB.

Unloading 49 unused Assets to reduce memory usage. Loaded Objects now: 2373.
Total: 11.409500 ms (FindLiveObjects: 0.873500 ms CreateObjectMapping: 0.242500 ms MarkObjects: 10.214000 ms  DeleteObjects: 0.071800 ms)

AssetImportParameters requested are different than current active one (requested -> active):
  custom:framework-win-MediaFoundation: 216162199b28c13a410421893ffa2e32 -> 
  custom:video-decoder-ogg-theora: a1e56fd34408186e4bbccfd4996cb3dc -> 
  custom:container-muxer-webm: aa71ff27fc2769a1b78a27578f13a17b -> 
  custom:container-demuxer-webm: 4f35f7cbe854078d1ac9338744f61a02 -> 
  custom:container-demuxer-ogg: 62fdf1f143b41e24485cea50d1cbac27 -> 
  custom:video-encoder-webm-vp8: eb34c28f22e8b96e1ab97ce403110664 -> 
  custom:video-codec-MediaFoundation-h265: 746d11721c4dcdbdad8f713fa42b33f4 -> 
  custom:video-decoder-webm-vp8: 9c59270c3fd7afecdb556c50c9e8de78 -> 
  custom:audio-decoder-ogg-vorbis: bf7c407c2cedff20999df2af8eb42d56 -> 
  custom:audio-encoder-webm-vorbis: bf7c407c2cedff20999df2af8eb42d56 -> 
========================================================================
Received Prepare
Registering precompiled user dll's ...
Registered in 0.009435 seconds.
Begin MonoManager ReloadAssembly
Native extension for LinuxStandalone target not found
Native extension for WindowsStandalone target not found
Native extension for OSXStandalone target not found
Native extension for WebGL target not found
Refreshing native plugins compatible for Editor in 0.76 ms, found 2 plugins.
Preloading 0 native plugins for Editor in 0.00 ms.
Mono: successfully reloaded assembly
- Completed reload, in  1.251 seconds
Domain Reload Profiling:
	ReloadAssembly (1251ms)
		BeginReloadAssembly (150ms)
			ExecutionOrderSort (0ms)
			DisableScriptedObjects (7ms)
			BackupInstance (0ms)
			ReleaseScriptingObjects (0ms)
			CreateAndSetChildDomain (34ms)
		EndReloadAssembly (1016ms)
			LoadAssemblies (133ms)
			RebuildTransferFunctionScriptingTraits (0ms)
			SetupTypeCache (315ms)
			ReleaseScriptCaches (1ms)
			RebuildScriptCaches (43ms)
			SetupLoadedEditorAssemblies (412ms)
				LogAssemblyErrors (0ms)
				InitializePlatformSupportModulesInManaged (10ms)
				SetLoadedEditorAssemblies (1ms)
				RefreshPlugins (1ms)
				BeforeProcessingInitializeOnLoad (90ms)
				ProcessInitializeOnLoadAttributes (257ms)
				ProcessInitializeOnLoadMethodAttributes (38ms)
				AfterProcessingInitializeOnLoad (16ms)
				EditorAssembliesLoaded (0ms)
			ExecutionOrderSort2 (0ms)
			AwakeInstancesAfterBackupRestoration (10ms)
Platform modules already initialized, skipping
Refreshing native plugins compatible for Editor in 0.73 ms, found 2 plugins.
Preloading 0 native plugins for Editor in 0.00 ms.
Unloading 1943 Unused Serialized files (Serialized files now loaded: 0)
System memory in use before: 81.0 MB.
System memory in use after: 81.1 MB.

Unloading 49 unused Assets to reduce memory usage. Loaded Objects now: 2376.
Total: 6.617500 ms (FindLiveObjects: 0.215700 ms CreateObjectMapping: 0.070100 ms MarkObjects: 6.294400 ms  DeleteObjects: 0.035800 ms)

AssetImportParameters requested are different than current active one (requested -> active):
  custom:framework-win-MediaFoundation: 216162199b28c13a410421893ffa2e32 -> 
  custom:video-decoder-ogg-theora: a1e56fd34408186e4bbccfd4996cb3dc -> 
  custom:container-muxer-webm: aa71ff27fc2769a1b78a27578f13a17b -> 
  custom:container-demuxer-webm: 4f35f7cbe854078d1ac9338744f61a02 -> 
  custom:container-demuxer-ogg: 62fdf1f143b41e24485cea50d1cbac27 -> 
  custom:video-encoder-webm-vp8: eb34c28f22e8b96e1ab97ce403110664 -> 
  custom:video-codec-MediaFoundation-h265: 746d11721c4dcdbdad8f713fa42b33f4 -> 
  custom:video-decoder-webm-vp8: 9c59270c3fd7afecdb556c50c9e8de78 -> 
  custom:audio-decoder-ogg-vorbis: bf7c407c2cedff20999df2af8eb42d56 -> 
  custom:audio-encoder-webm-vorbis: bf7c407c2cedff20999df2af8eb42d56 -> 
========================================================================
Received Prepare
Registering precompiled user dll's ...
Registered in 0.010825 seconds.
Begin MonoManager ReloadAssembly
Native extension for LinuxStandalone target not found
Native extension for WindowsStandalone target not found
Native extension for OSXStandalone target not found
Native extension for WebGL target not found
Refreshing native plugins compatible for Editor in 0.98 ms, found 2 plugins.
Preloading 0 native plugins for Editor in 0.00 ms.
Mono: successfully reloaded assembly
- Completed reload, in  1.333 seconds
Domain Reload Profiling:
	ReloadAssembly (1333ms)
		BeginReloadAssembly (161ms)
			ExecutionOrderSort (0ms)
			DisableScriptedObjects (7ms)
			BackupInstance (0ms)
			ReleaseScriptingObjects (0ms)
			CreateAndSetChildDomain (36ms)
		EndReloadAssembly (1084ms)
			LoadAssemblies (134ms)
			RebuildTransferFunctionScriptingTraits (0ms)
			SetupTypeCache (312ms)
			ReleaseScriptCaches (1ms)
			RebuildScriptCaches (45ms)
			SetupLoadedEditorAssemblies (468ms)
				LogAssemblyErrors (0ms)
				InitializePlatformSupportModulesInManaged (13ms)
				SetLoadedEditorAssemblies (1ms)
				RefreshPlugins (1ms)
				BeforeProcessingInitializeOnLoad (110ms)
				ProcessInitializeOnLoadAttributes (288ms)
				ProcessInitializeOnLoadMethodAttributes (40ms)
				AfterProcessingInitializeOnLoad (15ms)
				EditorAssembliesLoaded (1ms)
			ExecutionOrderSort2 (0ms)
			AwakeInstancesAfterBackupRestoration (7ms)
Platform modules already initialized, skipping
Refreshing native plugins compatible for Editor in 0.72 ms, found 2 plugins.
Preloading 0 native plugins for Editor in 0.00 ms.
Unloading 1943 Unused Serialized files (Serialized files now loaded: 0)
System memory in use before: 81.0 MB.
System memory in use after: 81.1 MB.

Unloading 49 unused Assets to reduce memory usage. Loaded Objects now: 2379.
Total: 7.231700 ms (FindLiveObjects: 0.195000 ms CreateObjectMapping: 0.065000 ms MarkObjects: 6.943000 ms  DeleteObjects: 0.027500 ms)

AssetImportParameters requested are different than current active one (requested -> active):
  custom:framework-win-MediaFoundation: 216162199b28c13a410421893ffa2e32 -> 
  custom:video-decoder-ogg-theora: a1e56fd34408186e4bbccfd4996cb3dc -> 
  custom:container-muxer-webm: aa71ff27fc2769a1b78a27578f13a17b -> 
  custom:container-demuxer-webm: 4f35f7cbe854078d1ac9338744f61a02 -> 
  custom:container-demuxer-ogg: 62fdf1f143b41e24485cea50d1cbac27 -> 
  custom:video-encoder-webm-vp8: eb34c28f22e8b96e1ab97ce403110664 -> 
  custom:video-codec-MediaFoundation-h265: 746d11721c4dcdbdad8f713fa42b33f4 -> 
  custom:video-decoder-webm-vp8: 9c59270c3fd7afecdb556c50c9e8de78 -> 
  custom:audio-decoder-ogg-vorbis: bf7c407c2cedff20999df2af8eb42d56 -> 
  custom:audio-encoder-webm-vorbis: bf7c407c2cedff20999df2af8eb42d56 -> 
========================================================================
Received Import Request.
  Time since last request: 482.780500 seconds.
  path: Assets/Materials
  artifactKey: Guid(436e4308d741635458b9d24506bf0b60) Importer(815301076,1909f56bfc062723c751e8b465ee728b)
Start importing Assets/Materials using Guid(436e4308d741635458b9d24506bf0b60) Importer(815301076,1909f56bfc062723c751e8b465ee728b)  -> (artifact id: '71e08f8781684730637265fc21db9928') in 0.015161 seconds 
  Import took 0.020077 seconds .

========================================================================
Received Import Request.
  Time since last request: 149.296620 seconds.
  path: Assets/Materials/Skyboxes
  artifactKey: Guid(c130f5e5b12752b41a3ca95f11a49efd) Importer(815301076,1909f56bfc062723c751e8b465ee728b)
Start importing Assets/Materials/Skyboxes using Guid(c130f5e5b12752b41a3ca95f11a49efd) Importer(815301076,1909f56bfc062723c751e8b465ee728b)  -> (artifact id: 'b62c730d456f8737aa69659e3f53e300') in 0.013921 seconds 
  Import took 0.017378 seconds .

========================================================================
Received Import Request.
  Time since last request: 1.818205 seconds.
  path: Assets/Materials/Skyboxes/CloudyCrown_01_Midday
  artifactKey: Guid(52662b578ff18034aa89fddf59405d22) Importer(815301076,1909f56bfc062723c751e8b465ee728b)
Start importing Assets/Materials/Skyboxes/CloudyCrown_01_Midday using Guid(52662b578ff18034aa89fddf59405d22) Importer(815301076,1909f56bfc062723c751e8b465ee728b)  -> (artifact id: 'c6b41063c230dac68eb78cc2bb1e5de8') in 0.012035 seconds 
  Import took 0.043894 seconds .

========================================================================
Received Import Request.
  Time since last request: 1.217963 seconds.
  path: Assets/Materials/Skyboxes/CloudyCrown_02_Evening
  artifactKey: Guid(16d938f89ad8ac349a0d44a6124db315) Importer(815301076,1909f56bfc062723c751e8b465ee728b)
Start importing Assets/Materials/Skyboxes/CloudyCrown_02_Evening using Guid(16d938f89ad8ac349a0d44a6124db315) Importer(815301076,1909f56bfc062723c751e8b465ee728b)  -> (artifact id: 'b6ea0f463a61c41b06dad3b8b0f7e60c') in 0.013728 seconds 
  Import took 0.016973 seconds .

========================================================================
Received Import Request.
  Time since last request: 0.555801 seconds.
  path: Assets/Materials/Skyboxes/CloudyCrown_03_Midnight
  artifactKey: Guid(9d429d9e182f0664f95c11b57a416b9a) Importer(815301076,1909f56bfc062723c751e8b465ee728b)
Start importing Assets/Materials/Skyboxes/CloudyCrown_03_Midnight using Guid(9d429d9e182f0664f95c11b57a416b9a) Importer(815301076,1909f56bfc062723c751e8b465ee728b)  -> (artifact id: 'b42767d7b7e3681fe793e676b3010974') in 0.011889 seconds 
  Import took 0.115424 seconds .

========================================================================
Received Import Request.
  Time since last request: 0.329763 seconds.
  path: Assets/Materials/Skyboxes/CloudyCrown_04_Sunset
  artifactKey: Guid(b6e8a17e93f42f547a0e64de28c221cb) Importer(815301076,1909f56bfc062723c751e8b465ee728b)
Start importing Assets/Materials/Skyboxes/CloudyCrown_04_Sunset using Guid(b6e8a17e93f42f547a0e64de28c221cb) Importer(815301076,1909f56bfc062723c751e8b465ee728b)  -> (artifact id: '11c3a865990885b1d6afa301f607411f') in 0.012800 seconds 
  Import took 0.015972 seconds .

========================================================================
Received Import Request.
  Time since last request: 0.357595 seconds.
  path: Assets/Materials/Skyboxes/CloudyCrown_05_Daybreak
  artifactKey: Guid(56be7a3817a5954428630009d20498f1) Importer(815301076,1909f56bfc062723c751e8b465ee728b)
Start importing Assets/Materials/Skyboxes/CloudyCrown_05_Daybreak using Guid(56be7a3817a5954428630009d20498f1) Importer(815301076,1909f56bfc062723c751e8b465ee728b)  -> (artifact id: '1cc0858487acb3daf3e2648b2fa1f4d7') in 0.010016 seconds 
  Import took 0.013507 seconds .

========================================================================
Received Import Request.
  Time since last request: 152.142846 seconds.
  path: Assets/Materials/Skyboxes/New Material.mat
  artifactKey: Guid(996be65faf54abb459546f916e870a01) Importer(815301076,1909f56bfc062723c751e8b465ee728b)
Start importing Assets/Materials/Skyboxes/New Material.mat using Guid(996be65faf54abb459546f916e870a01) Importer(815301076,1909f56bfc062723c751e8b465ee728b)  -> (artifact id: '9b9e1399081de0d55a7bdd25f200bfb1') in 0.443848 seconds 
  Import took 0.525399 seconds .

========================================================================
Received Import Request.
  Time since last request: 44.246734 seconds.
  path: Assets/Materials/Skyboxes/CloudyCrown_01_Midday/CloudyCrown_Midday.mat
  artifactKey: Guid(617d9be015db68348a623b01ea51a8c5) Importer(815301076,1909f56bfc062723c751e8b465ee728b)
Start importing Assets/Materials/Skyboxes/CloudyCrown_01_Midday/CloudyCrown_Midday.mat using Guid(617d9be015db68348a623b01ea51a8c5) Importer(815301076,1909f56bfc062723c751e8b465ee728b)  -> (artifact id: 'fa7c43ba8fb44797be2c12df24721f86') in 0.066003 seconds 
  Import took 0.069890 seconds .

========================================================================
Received Import Request.
  Time since last request: 0.979074 seconds.
  path: Assets/Materials/Skyboxes/CloudyCrown_01_Midday/Textures/CloudyCrown_Midday_Front.png
  artifactKey: Guid(dffdb4378818bc5469033648c57bd0b1) Importer(815301076,1909f56bfc062723c751e8b465ee728b)
Start importing Assets/Materials/Skyboxes/CloudyCrown_01_Midday/Textures/CloudyCrown_Midday_Front.png using Guid(dffdb4378818bc5469033648c57bd0b1) Importer(815301076,1909f56bfc062723c751e8b465ee728b)  -> (artifact id: '528337952a3e8b525099d45625b2e37d') in 0.200300 seconds 
  Import took 0.204082 seconds .

========================================================================
Received Import Request.
  Time since last request: 0.000237 seconds.
  path: Assets/Materials/Skyboxes/CloudyCrown_01_Midday/Textures/CloudyCrown_Midday_Down.png
  artifactKey: Guid(b064041c87bd8fb4ba2c21aa4863127e) Importer(815301076,1909f56bfc062723c751e8b465ee728b)
Start importing Assets/Materials/Skyboxes/CloudyCrown_01_Midday/Textures/CloudyCrown_Midday_Down.png using Guid(b064041c87bd8fb4ba2c21aa4863127e) Importer(815301076,1909f56bfc062723c751e8b465ee728b)  -> (artifact id: 'a455048ea8f3725a765ad2ae9d272e04') in 0.019451 seconds 
  Import took 0.022656 seconds .

========================================================================
Received Import Request.
  Time since last request: 0.000272 seconds.
  path: Assets/Materials/Skyboxes/CloudyCrown_01_Midday/Textures/CloudyCrown_Midday_Back.png
  artifactKey: Guid(fd76a3d85fa584e42834036916a79b6b) Importer(815301076,1909f56bfc062723c751e8b465ee728b)
Start importing Assets/Materials/Skyboxes/CloudyCrown_01_Midday/Textures/CloudyCrown_Midday_Back.png using Guid(fd76a3d85fa584e42834036916a79b6b) Importer(815301076,1909f56bfc062723c751e8b465ee728b)  -> (artifact id: '3460541e6f6203280ac264c23c614c1e') in 0.018028 seconds 
  Import took 0.112883 seconds .

========================================================================
Received Import Request.
  Time since last request: 0.000287 seconds.
  path: Assets/Materials/Skyboxes/CloudyCrown_01_Midday/Textures/CloudyCrown_Midday_Left.png
  artifactKey: Guid(fd5f7c807ca1ea643b0ae501ff889a70) Importer(815301076,1909f56bfc062723c751e8b465ee728b)
Start importing Assets/Materials/Skyboxes/CloudyCrown_01_Midday/Textures/CloudyCrown_Midday_Left.png using Guid(fd5f7c807ca1ea643b0ae501ff889a70) Importer(815301076,1909f56bfc062723c751e8b465ee728b)  -> (artifact id: '57beaef8445d549278aafa193b4c202d') in 0.018380 seconds 
  Import took 0.022773 seconds .

========================================================================
Received Import Request.
  Time since last request: 0.000314 seconds.
  path: Assets/Materials/Skyboxes/CloudyCrown_01_Midday/Textures/CloudyCrown_Midday_Back.png
  artifactKey: Guid(fd76a3d85fa584e42834036916a79b6b) Importer(815301076,1909f56bfc062723c751e8b465ee728b)
Start importing Assets/Materials/Skyboxes/CloudyCrown_01_Midday/Textures/CloudyCrown_Midday_Back.png using Guid(fd76a3d85fa584e42834036916a79b6b) Importer(815301076,1909f56bfc062723c751e8b465ee728b)  -> (artifact id: '3460541e6f6203280ac264c23c614c1e') in 0.011043 seconds 
  Import took 0.018278 seconds .

========================================================================
Received Import Request.
  Time since last request: 0.000398 seconds.
  path: Assets/Materials/Skyboxes/CloudyCrown_01_Midday/Textures/CloudyCrown_Midday_Left.png
  artifactKey: Guid(fd5f7c807ca1ea643b0ae501ff889a70) Importer(815301076,1909f56bfc062723c751e8b465ee728b)
Start importing Assets/Materials/Skyboxes/CloudyCrown_01_Midday/Textures/CloudyCrown_Midday_Left.png using Guid(fd5f7c807ca1ea643b0ae501ff889a70) Importer(815301076,1909f56bfc062723c751e8b465ee728b)  -> (artifact id: '57beaef8445d549278aafa193b4c202d') in 0.015626 seconds 
  Import took 0.019734 seconds .

========================================================================
Received Import Request.
  Time since last request: 0.000292 seconds.
  path: Assets/Materials/Skyboxes/CloudyCrown_01_Midday/Textures/CloudyCrown_Midday_Up.png
  artifactKey: Guid(4e02df907356e0848a5d76021b80192a) Importer(815301076,1909f56bfc062723c751e8b465ee728b)
Start importing Assets/Materials/Skyboxes/CloudyCrown_01_Midday/Textures/CloudyCrown_Midday_Up.png using Guid(4e02df907356e0848a5d76021b80192a) Importer(815301076,1909f56bfc062723c751e8b465ee728b)  -> (artifact id: 'dd3d8f6c99524e8012d850a4f1645207') in 0.037275 seconds 
  Import took 0.076248 seconds .

========================================================================
Received Import Request.
  Time since last request: 0.000302 seconds.
  path: Assets/Materials/Skyboxes/CloudyCrown_01_Midday/Textures/CloudyCrown_Midday_Right.png
  artifactKey: Guid(14877617607f5fb47af48fcd766426ad) Importer(815301076,1909f56bfc062723c751e8b465ee728b)
Start importing Assets/Materials/Skyboxes/CloudyCrown_01_Midday/Textures/CloudyCrown_Midday_Right.png using Guid(14877617607f5fb47af48fcd766426ad) Importer(815301076,1909f56bfc062723c751e8b465ee728b)  -> (artifact id: 'a011866e7d99c81ce617e83c2c62d038') in 0.017560 seconds 
  Import took 0.038208 seconds .

========================================================================
Received Import Request.
  Time since last request: 112.104238 seconds.
  path: Assets/Materials/Skyboxes/CloudyCrown_01_Midday/Textures
  artifactKey: Guid(5dccd6d0d6c40b8419ec14daa812471a) Importer(815301076,1909f56bfc062723c751e8b465ee728b)
Start importing Assets/Materials/Skyboxes/CloudyCrown_01_Midday/Textures using Guid(5dccd6d0d6c40b8419ec14daa812471a) Importer(815301076,1909f56bfc062723c751e8b465ee728b)  -> (artifact id: '0570900c8da59edc600c838db685847d') in 0.009831 seconds 
  Import took 0.014232 seconds .

========================================================================
Received Prepare
Registering precompiled user dll's ...
Registered in 0.015638 seconds.
Begin MonoManager ReloadAssembly
Native extension for LinuxStandalone target not found
Native extension for WindowsStandalone target not found
Native extension for OSXStandalone target not found
Native extension for WebGL target not found
Refreshing native plugins compatible for Editor in 1.43 ms, found 2 plugins.
Preloading 0 native plugins for Editor in 0.00 ms.
Mono: successfully reloaded assembly
- Completed reload, in  2.911 seconds
Domain Reload Profiling:
	ReloadAssembly (2912ms)
		BeginReloadAssembly (319ms)
			ExecutionOrderSort (0ms)
			DisableScriptedObjects (15ms)
			BackupInstance (0ms)
			ReleaseScriptingObjects (0ms)
			CreateAndSetChildDomain (77ms)
		EndReloadAssembly (2413ms)
			LoadAssemblies (337ms)
			RebuildTransferFunctionScriptingTraits (0ms)
			SetupTypeCache (715ms)
			ReleaseScriptCaches (2ms)
			RebuildScriptCaches (100ms)
			SetupLoadedEditorAssemblies (1025ms)
				LogAssemblyErrors (0ms)
				InitializePlatformSupportModulesInManaged (21ms)
				SetLoadedEditorAssemblies (1ms)
				RefreshPlugins (2ms)
				BeforeProcessingInitializeOnLoad (181ms)
				ProcessInitializeOnLoadAttributes (661ms)
				ProcessInitializeOnLoadMethodAttributes (123ms)
				AfterProcessingInitializeOnLoad (38ms)
				EditorAssembliesLoaded (0ms)
			ExecutionOrderSort2 (0ms)
			AwakeInstancesAfterBackupRestoration (21ms)
Platform modules already initialized, skipping
Refreshing native plugins compatible for Editor in 1.70 ms, found 2 plugins.
Preloading 0 native plugins for Editor in 0.00 ms.
Unloading 1943 Unused Serialized files (Serialized files now loaded: 0)
System memory in use before: 84.5 MB.
System memory in use after: 84.6 MB.

Unloading 49 unused Assets to reduce memory usage. Loaded Objects now: 2424.
Total: 12.636200 ms (FindLiveObjects: 0.531200 ms CreateObjectMapping: 0.289800 ms MarkObjects: 11.755500 ms  DeleteObjects: 0.057200 ms)

AssetImportParameters requested are different than current active one (requested -> active):
  custom:framework-win-MediaFoundation: 216162199b28c13a410421893ffa2e32 -> 
  custom:video-decoder-ogg-theora: a1e56fd34408186e4bbccfd4996cb3dc -> 
  custom:container-muxer-webm: aa71ff27fc2769a1b78a27578f13a17b -> 
  custom:container-demuxer-webm: 4f35f7cbe854078d1ac9338744f61a02 -> 
  custom:container-demuxer-ogg: 62fdf1f143b41e24485cea50d1cbac27 -> 
  custom:video-encoder-webm-vp8: eb34c28f22e8b96e1ab97ce403110664 -> 
  custom:video-codec-MediaFoundation-h265: 746d11721c4dcdbdad8f713fa42b33f4 -> 
  custom:video-decoder-webm-vp8: 9c59270c3fd7afecdb556c50c9e8de78 -> 
  custom:audio-decoder-ogg-vorbis: bf7c407c2cedff20999df2af8eb42d56 -> 
  custom:audio-encoder-webm-vorbis: bf7c407c2cedff20999df2af8eb42d56 -> 
AssetImportWorkerClient::OnTransportError - code=10054 error=An existing connection was forcibly closed by the remote host.
